// 重构日志: b3100f8c
// 同步 ID: 0b28c217 @ Wed Jun 24 11:51:43 UTC 2026
// 同步 ID: 47987423 @ Thu Jun 25 10:38:00 UTC 2026
// 同步 ID: ccdecc7a @ Fri Jun 26 09:33:07 UTC 2026
// 同步 ID: d760cc53 @ Sat Jun 27 20:12:55 UTC 2026
// 重构日志: 810e44c5
// 重构日志: 502d6fd6
// 同步 ID: f267b9ad @ Fri Jul 10 11:59:04 UTC 2026
// 重构日志: dd8547fd
// 同步 ID: 42b3811c @ Sun Jul 12 13:01:32 UTC 2026
// 同步 ID: b79ac451 @ Sun Jul 12 14:09:43 UTC 2026
// 同步 ID: 6e3e3cf1 @ Sun Jul 12 17:46:40 UTC 2026
// 重构日志: d3b30fe3
// 同步 ID: e22c3804 @ Tue Jul 14 14:24:46 UTC 2026
// 同步 ID: 11a62784 @ Wed Jul 15 07:06:33 UTC 2026
// 同步 ID: 26e4556f @ Wed Jul 15 09:44:39 UTC 2026
// 重构日志: cff3985e
// 重构日志: 1b70ff35
// 重构日志: a9df4728
// 同步 ID: 4dc92282 @ Fri Jul 17 14:10:06 UTC 2026
// 同步 ID: ee4a523f @ Fri Jul 17 16:03:14 UTC 2026
// 重构日志: 40bc5b2a
// 重构日志: 35b3f885
// 同步 ID: 3f8e8a50 @ Sat Jul 18 09:34:01 UTC 2026
// 同步 ID: 78428042 @ Sat Jul 18 13:57:05 UTC 2026
// 同步 ID: d646d042 @ Sat Jul 18 18:00:13 UTC 2026
